<?xml version="1.0" encoding="UTF-8"?>
<!-- Generated by org.testng.reporters.JUnitXMLReporter -->
<testsuite ignored="4" hostname="lukesha-Lenovo-G50-70" failures="0" tests="4" name="Test" time="0.101" errors="0" timestamp="24 Apr 2023 17:34:07 GMT">
  <testcase classname="testCases.HomeLoanTest" name="test2" time="0.023"/>
  <testcase classname="testCases.CreditCardTest" name="test4" time="0.003"/>
  <testcase classname="testCases.HomeLoanTest" name="test1" time="0.003"/>
  <testcase classname="testCases.CarLoanTest" name="test3" time="0.003"/>
  <testcase classname="testCases.Baseclass" name="@AfterTest method4" time="0.0">
    <ignored/>
  </testcase> <!-- @AfterTest method4 -->
  <testcase classname="testCases.Baseclass" name="@AfterTest method4" time="0.0">
    <ignored/>
  </testcase> <!-- @AfterTest method4 -->
  <testcase classname="testCases.Baseclass" name="@BeforeTest method3" time="0.0">
    <ignored/>
  </testcase> <!-- @BeforeTest method3 -->
  <testcase classname="testCases.Baseclass" name="@BeforeTest method3" time="0.0">
    <ignored/>
  </testcase> <!-- @BeforeTest method3 -->
</testsuite> <!-- Test -->
