<?xml version="1.0" encoding="UTF-8"?>
<testsuite xmlns:xsi="http://www.w3.org/2001/XMLSchema-instance" xsi:noNamespaceSchemaLocation="https://maven.apache.org/surefire/maven-surefire-plugin/xsd/surefire-test-report-3.0.xsd" version="3.0" name="TestSuite" time="1.473" tests="2" errors="0" skipped="0" failures="0">
  <properties>
[...]
</properties>
  <testcase name="test2" classname="testCases.HomeLoanTest" time="0.002">
    <system-out><![CDATA[[TestNGContentHandler] [WARN] It is strongly recommended to add "<!DOCTYPE suite SYSTEM "http://testng.org/testng-1.0.dtd" >" at the top of your file, otherwise TestNG may fail or not work as expected.
Inside Before Test
Inside Before Method
Inside HomeLoan Test2
]]></system-out>
  </testcase>
  <testcase name="test4" classname="testCases.CreditCardTest" time="0">
    <system-out><![CDATA[Inside After Method
Inside Before Method
Inside CreditCard test4 
]]></system-out>
  </testcase>
</testsuite>