<?xml version="1.0" encoding="UTF-8"?>
<testng-results ignored="6" total="8" passed="2" failed="0" skipped="0">
  <reporter-output>
  </reporter-output>
  <suite started-at="2023-04-25T08:22:48Z" name="sanity" finished-at="2023-04-25T08:22:48Z" duration-ms="49">
    <groups>
      <group name="Regression">
        <method signature="HomeLoanTest.test2()[pri:0, instance:testCases.HomeLoanTest@483f6d77]" name="test2" class="testCases.HomeLoanTest"/>
      </group> <!-- Regression -->
      <group name="sanity">
        <method signature="CreditCardTest.test4()[pri:0, instance:testCases.CreditCardTest@57d7f8ca]" name="test4" class="testCases.CreditCardTest"/>
        <method signature="HomeLoanTest.test2()[pri:0, instance:testCases.HomeLoanTest@483f6d77]" name="test2" class="testCases.HomeLoanTest"/>
      </group> <!-- sanity -->
    </groups>
    <test started-at="2023-04-25T08:22:48Z" name="Test" finished-at="2023-04-25T08:22:48Z" duration-ms="49">
      <class name="testCases.HomeLoanTest">
        <test-method is-config="true" signature="method3()[pri:0, instance:testCases.HomeLoanTest@483f6d77]" started-at="2023-04-25T08:22:48Z" name="method3" finished-at="2023-04-25T08:22:48Z" duration-ms="13" status="PASS">
          <reporter-output>
          </reporter-output>
        </test-method> <!-- method3 -->
        <test-method signature="test2()[pri:0, instance:testCases.HomeLoanTest@483f6d77]" started-at="2023-04-25T08:22:48Z" name="test2" finished-at="2023-04-25T08:22:48Z" duration-ms="1" status="PASS">
          <reporter-output>
          </reporter-output>
        </test-method> <!-- test2 -->
        <test-method is-config="true" signature="method1()[pri:0, instance:testCases.HomeLoanTest@483f6d77]" started-at="2023-04-25T08:22:48Z" name="method1" finished-at="2023-04-25T08:22:48Z" duration-ms="0" status="PASS">
          <reporter-output>
          </reporter-output>
        </test-method> <!-- method1 -->
        <test-method is-config="true" signature="method2()[pri:0, instance:testCases.HomeLoanTest@483f6d77]" started-at="2023-04-25T08:22:48Z" name="method2" finished-at="2023-04-25T08:22:48Z" duration-ms="1" status="PASS">
          <reporter-output>
          </reporter-output>
        </test-method> <!-- method2 -->
        <test-method is-config="true" signature="method4()[pri:0, instance:testCases.HomeLoanTest@483f6d77]" started-at="2023-04-25T08:22:48Z" name="method4" finished-at="2023-04-25T08:22:48Z" duration-ms="1" status="PASS">
          <reporter-output>
          </reporter-output>
        </test-method> <!-- method4 -->
      </class> <!-- testCases.HomeLoanTest -->
      <class name="testCases.CreditCardTest">
        <test-method is-config="true" signature="method1()[pri:0, instance:testCases.CreditCardTest@57d7f8ca]" started-at="2023-04-25T08:22:48Z" name="method1" finished-at="2023-04-25T08:22:48Z" duration-ms="0" status="PASS">
          <reporter-output>
          </reporter-output>
        </test-method> <!-- method1 -->
        <test-method signature="test4()[pri:0, instance:testCases.CreditCardTest@57d7f8ca]" started-at="2023-04-25T08:22:48Z" name="test4" finished-at="2023-04-25T08:22:48Z" duration-ms="10" status="PASS">
          <reporter-output>
          </reporter-output>
        </test-method> <!-- test4 -->
        <test-method is-config="true" signature="method2()[pri:0, instance:testCases.CreditCardTest@57d7f8ca]" started-at="2023-04-25T08:22:48Z" name="method2" finished-at="2023-04-25T08:22:48Z" duration-ms="0" status="PASS">
          <reporter-output>
          </reporter-output>
        </test-method> <!-- method2 -->
      </class> <!-- testCases.CreditCardTest -->
    </test> <!-- Test -->
  </suite> <!-- sanity -->
</testng-results>
