<?xml version="1.0" encoding="UTF-8"?>
<testng-results ignored="5" total="8" passed="3" failed="0" skipped="0">
  <reporter-output>
  </reporter-output>
  <suite started-at="2023-04-25T07:53:14Z" name="sanity" finished-at="2023-04-25T07:53:14Z" duration-ms="91">
    <groups>
      <group name="Regression">
        <method signature="HomeLoanTest.test2()[pri:0, instance:testCases.HomeLoanTest@bae7dc0]" name="test2" class="testCases.HomeLoanTest"/>
      </group> <!-- Regression -->
      <group name="sanity">
        <method signature="CreditCardTest.test4()[pri:0, instance:testCases.CreditCardTest@342c38f8]" name="test4" class="testCases.CreditCardTest"/>
        <method signature="HomeLoanTest.test2()[pri:0, instance:testCases.HomeLoanTest@bae7dc0]" name="test2" class="testCases.HomeLoanTest"/>
        <method signature="HomeLoanTest.test1()[pri:0, instance:testCases.HomeLoanTest@bae7dc0]" name="test1" class="testCases.HomeLoanTest"/>
      </group> <!-- sanity -->
    </groups>
    <test started-at="2023-04-25T07:53:14Z" name="Test" finished-at="2023-04-25T07:53:14Z" duration-ms="91">
      <class name="testCases.HomeLoanTest">
        <test-method is-config="true" signature="method3()[pri:0, instance:testCases.HomeLoanTest@bae7dc0]" started-at="2023-04-25T07:53:14Z" name="method3" finished-at="2023-04-25T07:53:14Z" duration-ms="17" status="PASS">
          <reporter-output>
          </reporter-output>
        </test-method> <!-- method3 -->
        <test-method is-config="true" signature="method1()[pri:0, instance:testCases.HomeLoanTest@bae7dc0]" started-at="2023-04-25T07:53:14Z" name="method1" finished-at="2023-04-25T07:53:14Z" duration-ms="1" status="PASS">
          <reporter-output>
          </reporter-output>
        </test-method> <!-- method1 -->
        <test-method signature="test2()[pri:0, instance:testCases.HomeLoanTest@bae7dc0]" started-at="2023-04-25T07:53:14Z" name="test2" finished-at="2023-04-25T07:53:14Z" duration-ms="20" status="PASS">
          <reporter-output>
          </reporter-output>
        </test-method> <!-- test2 -->
        <test-method is-config="true" signature="method2()[pri:0, instance:testCases.HomeLoanTest@bae7dc0]" started-at="2023-04-25T07:53:14Z" name="method2" finished-at="2023-04-25T07:53:14Z" duration-ms="1" status="PASS">
          <reporter-output>
          </reporter-output>
        </test-method> <!-- method2 -->
        <test-method is-config="true" signature="method1()[pri:0, instance:testCases.HomeLoanTest@bae7dc0]" started-at="2023-04-25T07:53:14Z" name="method1" finished-at="2023-04-25T07:53:14Z" duration-ms="1" status="PASS">
          <reporter-output>
          </reporter-output>
        </test-method> <!-- method1 -->
        <test-method signature="test1()[pri:0, instance:testCases.HomeLoanTest@bae7dc0]" started-at="2023-04-25T07:53:14Z" name="test1" finished-at="2023-04-25T07:53:14Z" depends-on-methods="testCases.HomeLoanTest.test2" duration-ms="2" status="PASS">
          <reporter-output>
          </reporter-output>
        </test-method> <!-- test1 -->
        <test-method is-config="true" signature="method2()[pri:0, instance:testCases.HomeLoanTest@bae7dc0]" started-at="2023-04-25T07:53:14Z" name="method2" finished-at="2023-04-25T07:53:14Z" duration-ms="1" status="PASS">
          <reporter-output>
          </reporter-output>
        </test-method> <!-- method2 -->
        <test-method is-config="true" signature="method4()[pri:0, instance:testCases.HomeLoanTest@bae7dc0]" started-at="2023-04-25T07:53:14Z" name="method4" finished-at="2023-04-25T07:53:14Z" duration-ms="1" status="PASS">
          <reporter-output>
          </reporter-output>
        </test-method> <!-- method4 -->
      </class> <!-- testCases.HomeLoanTest -->
      <class name="testCases.CreditCardTest">
        <test-method is-config="true" signature="method1()[pri:0, instance:testCases.CreditCardTest@342c38f8]" started-at="2023-04-25T07:53:14Z" name="method1" finished-at="2023-04-25T07:53:14Z" duration-ms="1" status="PASS">
          <reporter-output>
          </reporter-output>
        </test-method> <!-- method1 -->
        <test-method signature="test4()[pri:0, instance:testCases.CreditCardTest@342c38f8]" started-at="2023-04-25T07:53:14Z" name="test4" finished-at="2023-04-25T07:53:14Z" duration-ms="4" status="PASS">
          <reporter-output>
          </reporter-output>
        </test-method> <!-- test4 -->
        <test-method is-config="true" signature="method2()[pri:0, instance:testCases.CreditCardTest@342c38f8]" started-at="2023-04-25T07:53:14Z" name="method2" finished-at="2023-04-25T07:53:14Z" duration-ms="0" status="PASS">
          <reporter-output>
          </reporter-output>
        </test-method> <!-- method2 -->
      </class> <!-- testCases.CreditCardTest -->
    </test> <!-- Test -->
  </suite> <!-- sanity -->
</testng-results>
